Z:\Desktop\prj\source\java\svn\infra360\agente\trunk\IS360_filter\is360filter_exe\x64\Debug\cl.command.1.tlog
Z:\Desktop\prj\source\java\svn\infra360\agente\trunk\IS360_filter\is360filter_exe\x64\Debug\cl.read.1.tlog
Z:\Desktop\prj\source\java\svn\infra360\agente\trunk\IS360_filter\is360filter_exe\x64\Debug\cl.write.1.tlog
Z:\DESKTOP\PRJ\SOURCE\JAVA\SVN\INFRA360\AGENTE\TRUNK\IS360_FILTER\IS360FILTER_EXE\X64\DEBUG\IS360FILTER_EXE.EXE.EMBED.MANIFEST
Z:\DESKTOP\PRJ\SOURCE\JAVA\SVN\INFRA360\AGENTE\TRUNK\IS360_FILTER\IS360FILTER_EXE\X64\DEBUG\IS360FILTER_EXE.EXE.EMBED.MANIFEST.RES
Z:\DESKTOP\PRJ\SOURCE\JAVA\SVN\INFRA360\AGENTE\TRUNK\IS360_FILTER\IS360FILTER_EXE\X64\DEBUG\IS360FILTER_EXE.EXE.INTERMEDIATE.MANIFEST
Z:\DESKTOP\PRJ\SOURCE\JAVA\SVN\INFRA360\AGENTE\TRUNK\IS360_FILTER\IS360FILTER_EXE\X64\DEBUG\IS360FILTER_EXE.OBJ
Z:\Desktop\prj\source\java\svn\infra360\agente\trunk\IS360_filter\is360filter_exe\x64\Debug\is360filter_exe_manifest.rc
Z:\Desktop\prj\source\java\svn\infra360\agente\trunk\IS360_filter\is360filter_exe\x64\Debug\link.116.read.1.tlog
Z:\Desktop\prj\source\java\svn\infra360\agente\trunk\IS360_filter\is360filter_exe\x64\Debug\link.116.write.1.tlog
Z:\Desktop\prj\source\java\svn\infra360\agente\trunk\IS360_filter\is360filter_exe\x64\Debug\link.116-cvtres.read.1.tlog
Z:\Desktop\prj\source\java\svn\infra360\agente\trunk\IS360_filter\is360filter_exe\x64\Debug\link.116-cvtres.write.1.tlog
Z:\Desktop\prj\source\java\svn\infra360\agente\trunk\IS360_filter\is360filter_exe\x64\Debug\link.1488.read.1.tlog
Z:\Desktop\prj\source\java\svn\infra360\agente\trunk\IS360_filter\is360filter_exe\x64\Debug\link.1488.write.1.tlog
Z:\Desktop\prj\source\java\svn\infra360\agente\trunk\IS360_filter\is360filter_exe\x64\Debug\link.1488-cvtres.read.1.tlog
Z:\Desktop\prj\source\java\svn\infra360\agente\trunk\IS360_filter\is360filter_exe\x64\Debug\link.1488-cvtres.write.1.tlog
Z:\Desktop\prj\source\java\svn\infra360\agente\trunk\IS360_filter\is360filter_exe\x64\Debug\link.2168.read.1.tlog
Z:\Desktop\prj\source\java\svn\infra360\agente\trunk\IS360_filter\is360filter_exe\x64\Debug\link.2168.write.1.tlog
Z:\Desktop\prj\source\java\svn\infra360\agente\trunk\IS360_filter\is360filter_exe\x64\Debug\link.2168-cvtres.read.1.tlog
Z:\Desktop\prj\source\java\svn\infra360\agente\trunk\IS360_filter\is360filter_exe\x64\Debug\link.2168-cvtres.write.1.tlog
Z:\Desktop\prj\source\java\svn\infra360\agente\trunk\IS360_filter\is360filter_exe\x64\Debug\link.2216.read.1.tlog
Z:\Desktop\prj\source\java\svn\infra360\agente\trunk\IS360_filter\is360filter_exe\x64\Debug\link.2216.write.1.tlog
Z:\Desktop\prj\source\java\svn\infra360\agente\trunk\IS360_filter\is360filter_exe\x64\Debug\link.2216-cvtres.read.1.tlog
Z:\Desktop\prj\source\java\svn\infra360\agente\trunk\IS360_filter\is360filter_exe\x64\Debug\link.2216-cvtres.write.1.tlog
Z:\Desktop\prj\source\java\svn\infra360\agente\trunk\IS360_filter\is360filter_exe\x64\Debug\link.2368.read.1.tlog
Z:\Desktop\prj\source\java\svn\infra360\agente\trunk\IS360_filter\is360filter_exe\x64\Debug\link.2368.write.1.tlog
Z:\Desktop\prj\source\java\svn\infra360\agente\trunk\IS360_filter\is360filter_exe\x64\Debug\link.2368-cvtres.read.1.tlog
Z:\Desktop\prj\source\java\svn\infra360\agente\trunk\IS360_filter\is360filter_exe\x64\Debug\link.2368-cvtres.write.1.tlog
Z:\Desktop\prj\source\java\svn\infra360\agente\trunk\IS360_filter\is360filter_exe\x64\Debug\link.3116.read.1.tlog
Z:\Desktop\prj\source\java\svn\infra360\agente\trunk\IS360_filter\is360filter_exe\x64\Debug\link.3116.write.1.tlog
Z:\Desktop\prj\source\java\svn\infra360\agente\trunk\IS360_filter\is360filter_exe\x64\Debug\link.3116-cvtres.read.1.tlog
Z:\Desktop\prj\source\java\svn\infra360\agente\trunk\IS360_filter\is360filter_exe\x64\Debug\link.3116-cvtres.write.1.tlog
Z:\Desktop\prj\source\java\svn\infra360\agente\trunk\IS360_filter\is360filter_exe\x64\Debug\link.3320.read.1.tlog
Z:\Desktop\prj\source\java\svn\infra360\agente\trunk\IS360_filter\is360filter_exe\x64\Debug\link.3320.write.1.tlog
Z:\Desktop\prj\source\java\svn\infra360\agente\trunk\IS360_filter\is360filter_exe\x64\Debug\link.3320-cvtres.read.1.tlog
Z:\Desktop\prj\source\java\svn\infra360\agente\trunk\IS360_filter\is360filter_exe\x64\Debug\link.3320-cvtres.write.1.tlog
Z:\Desktop\prj\source\java\svn\infra360\agente\trunk\IS360_filter\is360filter_exe\x64\Debug\link.3672.read.1.tlog
Z:\Desktop\prj\source\java\svn\infra360\agente\trunk\IS360_filter\is360filter_exe\x64\Debug\link.3672.write.1.tlog
Z:\Desktop\prj\source\java\svn\infra360\agente\trunk\IS360_filter\is360filter_exe\x64\Debug\link.3672-cvtres.read.1.tlog
Z:\Desktop\prj\source\java\svn\infra360\agente\trunk\IS360_filter\is360filter_exe\x64\Debug\link.3672-cvtres.write.1.tlog
Z:\Desktop\prj\source\java\svn\infra360\agente\trunk\IS360_filter\is360filter_exe\x64\Debug\link.3752.read.1.tlog
Z:\Desktop\prj\source\java\svn\infra360\agente\trunk\IS360_filter\is360filter_exe\x64\Debug\link.3752.write.1.tlog
Z:\Desktop\prj\source\java\svn\infra360\agente\trunk\IS360_filter\is360filter_exe\x64\Debug\link.3752-cvtres.read.1.tlog
Z:\Desktop\prj\source\java\svn\infra360\agente\trunk\IS360_filter\is360filter_exe\x64\Debug\link.3752-cvtres.write.1.tlog
Z:\Desktop\prj\source\java\svn\infra360\agente\trunk\IS360_filter\is360filter_exe\x64\Debug\link.3932.read.1.tlog
Z:\Desktop\prj\source\java\svn\infra360\agente\trunk\IS360_filter\is360filter_exe\x64\Debug\link.3932.write.1.tlog
Z:\Desktop\prj\source\java\svn\infra360\agente\trunk\IS360_filter\is360filter_exe\x64\Debug\link.3932-cvtres.read.1.tlog
Z:\Desktop\prj\source\java\svn\infra360\agente\trunk\IS360_filter\is360filter_exe\x64\Debug\link.3932-cvtres.write.1.tlog
Z:\Desktop\prj\source\java\svn\infra360\agente\trunk\IS360_filter\is360filter_exe\x64\Debug\link.3972.read.1.tlog
Z:\Desktop\prj\source\java\svn\infra360\agente\trunk\IS360_filter\is360filter_exe\x64\Debug\link.3972.write.1.tlog
Z:\Desktop\prj\source\java\svn\infra360\agente\trunk\IS360_filter\is360filter_exe\x64\Debug\link.3972-cvtres.read.1.tlog
Z:\Desktop\prj\source\java\svn\infra360\agente\trunk\IS360_filter\is360filter_exe\x64\Debug\link.3972-cvtres.write.1.tlog
Z:\Desktop\prj\source\java\svn\infra360\agente\trunk\IS360_filter\is360filter_exe\x64\Debug\link.4004.read.1.tlog
Z:\Desktop\prj\source\java\svn\infra360\agente\trunk\IS360_filter\is360filter_exe\x64\Debug\link.4004.write.1.tlog
Z:\Desktop\prj\source\java\svn\infra360\agente\trunk\IS360_filter\is360filter_exe\x64\Debug\link.4004-cvtres.read.1.tlog
Z:\Desktop\prj\source\java\svn\infra360\agente\trunk\IS360_filter\is360filter_exe\x64\Debug\link.4004-cvtres.write.1.tlog
Z:\Desktop\prj\source\java\svn\infra360\agente\trunk\IS360_filter\is360filter_exe\x64\Debug\link.4044.read.1.tlog
Z:\Desktop\prj\source\java\svn\infra360\agente\trunk\IS360_filter\is360filter_exe\x64\Debug\link.4044.write.1.tlog
Z:\Desktop\prj\source\java\svn\infra360\agente\trunk\IS360_filter\is360filter_exe\x64\Debug\link.4044-cvtres.read.1.tlog
Z:\Desktop\prj\source\java\svn\infra360\agente\trunk\IS360_filter\is360filter_exe\x64\Debug\link.4044-cvtres.write.1.tlog
Z:\Desktop\prj\source\java\svn\infra360\agente\trunk\IS360_filter\is360filter_exe\x64\Debug\link.408.read.1.tlog
Z:\Desktop\prj\source\java\svn\infra360\agente\trunk\IS360_filter\is360filter_exe\x64\Debug\link.408.write.1.tlog
Z:\Desktop\prj\source\java\svn\infra360\agente\trunk\IS360_filter\is360filter_exe\x64\Debug\link.408-cvtres.read.1.tlog
Z:\Desktop\prj\source\java\svn\infra360\agente\trunk\IS360_filter\is360filter_exe\x64\Debug\link.408-cvtres.write.1.tlog
Z:\Desktop\prj\source\java\svn\infra360\agente\trunk\IS360_filter\is360filter_exe\x64\Debug\link.command.1.tlog
Z:\Desktop\prj\source\java\svn\infra360\agente\trunk\IS360_filter\is360filter_exe\x64\Debug\link.read.1.tlog
Z:\Desktop\prj\source\java\svn\infra360\agente\trunk\IS360_filter\is360filter_exe\x64\Debug\link.write.1.tlog
Z:\Desktop\prj\source\java\svn\infra360\agente\trunk\IS360_filter\is360filter_exe\x64\Debug\link-cvtres.read.1.tlog
Z:\Desktop\prj\source\java\svn\infra360\agente\trunk\IS360_filter\is360filter_exe\x64\Debug\link-cvtres.write.1.tlog
Z:\Desktop\prj\source\java\svn\infra360\agente\trunk\IS360_filter\is360filter_exe\x64\Debug\mt.command.1.tlog
Z:\Desktop\prj\source\java\svn\infra360\agente\trunk\IS360_filter\is360filter_exe\x64\Debug\mt.read.1.tlog
Z:\Desktop\prj\source\java\svn\infra360\agente\trunk\IS360_filter\is360filter_exe\x64\Debug\mt.write.1.tlog
Z:\Desktop\prj\source\java\svn\infra360\agente\trunk\IS360_filter\is360filter_exe\x64\Debug\rc.command.1.tlog
Z:\Desktop\prj\source\java\svn\infra360\agente\trunk\IS360_filter\is360filter_exe\x64\Debug\rc.read.1.tlog
Z:\Desktop\prj\source\java\svn\infra360\agente\trunk\IS360_filter\is360filter_exe\x64\Debug\rc.write.1.tlog
Z:\Desktop\prj\source\java\svn\infra360\agente\trunk\IS360_filter\is360filter_exe\x64\Debug\vc100.idb
Z:\DESKTOP\PRJ\SOURCE\JAVA\SVN\INFRA360\AGENTE\TRUNK\IS360_FILTER\IS360FILTER_EXE\X64\DEBUG\VC100.PDB
Z:\DESKTOP\PRJ\SOURCE\JAVA\SVN\INFRA360\AGENTE\TRUNK\IS360_FILTER\X64\DEBUG\IS360FILTER_EXE.EXE
Z:\DESKTOP\PRJ\SOURCE\JAVA\SVN\INFRA360\AGENTE\TRUNK\IS360_FILTER\X64\DEBUG\IS360FILTER_EXE.ILK
Z:\DESKTOP\PRJ\SOURCE\JAVA\SVN\INFRA360\AGENTE\TRUNK\IS360_FILTER\X64\DEBUG\IS360FILTER_EXE.PDB
