Build started 6/11/2013 2:28:58 PM.
     1>Project "Z:\Desktop\prj\ProjetoFinal\protegedados_exe\protegedados_exe.vcxproj" on node 2 (build target(s)).
     1>InitializeBuildStatus:
         Creating "x64\Debug\protegedados_exe.unsuccessfulbuild" because "AlwaysCreate" was specified.
       ClCompile:
         All outputs are up-to-date.
       ManifestResourceCompile:
         All outputs are up-to-date.
       Link:
         c:\Program Files (x86)\Microsoft Visual Studio 10.0\VC\bin\x86_amd64\link.exe /ERRORREPORT:PROMPT /OUT:"Z:\Desktop\prj\ProjetoFinal\x64\Debug\protegedados_exe.exe" /INCREMENTAL /NOLOGO protegedados_userspace.lib arquivoHash.lib fltLib.lib kernel32.lib user32.lib gdi32.lib winspool.lib comdlg32.lib advapi32.lib shell32.lib ole32.lib oleaut32.lib uuid.lib odbc32.lib odbccp32.lib /MANIFEST /ManifestFile:"x64\Debug\protegedados_exe.exe.intermediate.manifest" /MANIFESTUAC:"level='asInvoker' uiAccess='false'" /DEBUG /PDB:"Z:\Desktop\prj\ProjetoFinal\x64\Debug\protegedados_exe.pdb" /SUBSYSTEM:CONSOLE /TLBID:1 /DYNAMICBASE /NXCOMPAT /IMPLIB:"Z:\Desktop\prj\ProjetoFinal\x64\Debug\protegedados_exe.lib" /MACHINE:X64 x64\Debug\protegedados_exe.exe.embed.manifest.res
         x64\Debug\protegedados_exe.obj
         protegedados_exe.vcxproj -> Z:\Desktop\prj\ProjetoFinal\x64\Debug\protegedados_exe.exe
       Manifest:
         C:\Program Files (x86)\Microsoft SDKs\Windows\v7.0A\bin\mt.exe /nologo /verbose /out:"x64\Debug\protegedados_exe.exe.embed.manifest" /manifest x64\Debug\protegedados_exe.exe.intermediate.manifest
         All outputs are up-to-date.
       LinkEmbedManifest:
         All outputs are up-to-date.
         protegedados_exe.vcxproj -> Z:\Desktop\prj\ProjetoFinal\x64\Debug\protegedados_exe.exe
       FinalizeBuildStatus:
         Deleting file "x64\Debug\protegedados_exe.unsuccessfulbuild".
         Touching "x64\Debug\protegedados_exe.lastbuildstate".
     1>Done Building Project "Z:\Desktop\prj\ProjetoFinal\protegedados_exe\protegedados_exe.vcxproj" (build target(s)).

Build succeeded.

Time Elapsed 00:00:06.14
