Z:\Desktop\prj\ProjetoFinal\protegedados_exe\x64\Debug\cl.command.1.tlog
Z:\Desktop\prj\ProjetoFinal\protegedados_exe\x64\Debug\cl.read.1.tlog
Z:\Desktop\prj\ProjetoFinal\protegedados_exe\x64\Debug\cl.write.1.tlog
Z:\Desktop\prj\ProjetoFinal\protegedados_exe\x64\Debug\link.1200.read.1.tlog
Z:\Desktop\prj\ProjetoFinal\protegedados_exe\x64\Debug\link.1200.write.1.tlog
Z:\Desktop\prj\ProjetoFinal\protegedados_exe\x64\Debug\link.1200-cvtres.read.1.tlog
Z:\Desktop\prj\ProjetoFinal\protegedados_exe\x64\Debug\link.1200-cvtres.write.1.tlog
Z:\Desktop\prj\ProjetoFinal\protegedados_exe\x64\Debug\link.1584.read.1.tlog
Z:\Desktop\prj\ProjetoFinal\protegedados_exe\x64\Debug\link.1584.write.1.tlog
Z:\Desktop\prj\ProjetoFinal\protegedados_exe\x64\Debug\link.1584-cvtres.read.1.tlog
Z:\Desktop\prj\ProjetoFinal\protegedados_exe\x64\Debug\link.1584-cvtres.write.1.tlog
Z:\Desktop\prj\ProjetoFinal\protegedados_exe\x64\Debug\link.1796.read.1.tlog
Z:\Desktop\prj\ProjetoFinal\protegedados_exe\x64\Debug\link.1796.write.1.tlog
Z:\Desktop\prj\ProjetoFinal\protegedados_exe\x64\Debug\link.1796-cvtres.read.1.tlog
Z:\Desktop\prj\ProjetoFinal\protegedados_exe\x64\Debug\link.1796-cvtres.write.1.tlog
Z:\Desktop\prj\ProjetoFinal\protegedados_exe\x64\Debug\link.2508.read.1.tlog
Z:\Desktop\prj\ProjetoFinal\protegedados_exe\x64\Debug\link.2508.write.1.tlog
Z:\Desktop\prj\ProjetoFinal\protegedados_exe\x64\Debug\link.2508-cvtres.read.1.tlog
Z:\Desktop\prj\ProjetoFinal\protegedados_exe\x64\Debug\link.2508-cvtres.write.1.tlog
Z:\Desktop\prj\ProjetoFinal\protegedados_exe\x64\Debug\link.2516.read.1.tlog
Z:\Desktop\prj\ProjetoFinal\protegedados_exe\x64\Debug\link.2516.write.1.tlog
Z:\Desktop\prj\ProjetoFinal\protegedados_exe\x64\Debug\link.2516-cvtres.read.1.tlog
Z:\Desktop\prj\ProjetoFinal\protegedados_exe\x64\Debug\link.2516-cvtres.write.1.tlog
Z:\Desktop\prj\ProjetoFinal\protegedados_exe\x64\Debug\link.2768.read.1.tlog
Z:\Desktop\prj\ProjetoFinal\protegedados_exe\x64\Debug\link.2768.write.1.tlog
Z:\Desktop\prj\ProjetoFinal\protegedados_exe\x64\Debug\link.2768-cvtres.read.1.tlog
Z:\Desktop\prj\ProjetoFinal\protegedados_exe\x64\Debug\link.2768-cvtres.write.1.tlog
Z:\Desktop\prj\ProjetoFinal\protegedados_exe\x64\Debug\link.284.read.1.tlog
Z:\Desktop\prj\ProjetoFinal\protegedados_exe\x64\Debug\link.284.write.1.tlog
Z:\Desktop\prj\ProjetoFinal\protegedados_exe\x64\Debug\link.284-cvtres.read.1.tlog
Z:\Desktop\prj\ProjetoFinal\protegedados_exe\x64\Debug\link.284-cvtres.write.1.tlog
Z:\Desktop\prj\ProjetoFinal\protegedados_exe\x64\Debug\link.2904.read.1.tlog
Z:\Desktop\prj\ProjetoFinal\protegedados_exe\x64\Debug\link.2904.write.1.tlog
Z:\Desktop\prj\ProjetoFinal\protegedados_exe\x64\Debug\link.2904-cvtres.read.1.tlog
Z:\Desktop\prj\ProjetoFinal\protegedados_exe\x64\Debug\link.2904-cvtres.write.1.tlog
Z:\Desktop\prj\ProjetoFinal\protegedados_exe\x64\Debug\link.292.read.1.tlog
Z:\Desktop\prj\ProjetoFinal\protegedados_exe\x64\Debug\link.292.write.1.tlog
Z:\Desktop\prj\ProjetoFinal\protegedados_exe\x64\Debug\link.292-cvtres.read.1.tlog
Z:\Desktop\prj\ProjetoFinal\protegedados_exe\x64\Debug\link.292-cvtres.write.1.tlog
Z:\Desktop\prj\ProjetoFinal\protegedados_exe\x64\Debug\link.3328.read.1.tlog
Z:\Desktop\prj\ProjetoFinal\protegedados_exe\x64\Debug\link.3328.write.1.tlog
Z:\Desktop\prj\ProjetoFinal\protegedados_exe\x64\Debug\link.3328-cvtres.read.1.tlog
Z:\Desktop\prj\ProjetoFinal\protegedados_exe\x64\Debug\link.3328-cvtres.write.1.tlog
Z:\Desktop\prj\ProjetoFinal\protegedados_exe\x64\Debug\link.3404.read.1.tlog
Z:\Desktop\prj\ProjetoFinal\protegedados_exe\x64\Debug\link.3404.write.1.tlog
Z:\Desktop\prj\ProjetoFinal\protegedados_exe\x64\Debug\link.3404-cvtres.read.1.tlog
Z:\Desktop\prj\ProjetoFinal\protegedados_exe\x64\Debug\link.3404-cvtres.write.1.tlog
Z:\Desktop\prj\ProjetoFinal\protegedados_exe\x64\Debug\link.3472.read.1.tlog
Z:\Desktop\prj\ProjetoFinal\protegedados_exe\x64\Debug\link.3472.write.1.tlog
Z:\Desktop\prj\ProjetoFinal\protegedados_exe\x64\Debug\link.3472-cvtres.read.1.tlog
Z:\Desktop\prj\ProjetoFinal\protegedados_exe\x64\Debug\link.3472-cvtres.write.1.tlog
Z:\Desktop\prj\ProjetoFinal\protegedados_exe\x64\Debug\link.3648.read.1.tlog
Z:\Desktop\prj\ProjetoFinal\protegedados_exe\x64\Debug\link.3648.write.1.tlog
Z:\Desktop\prj\ProjetoFinal\protegedados_exe\x64\Debug\link.3648-cvtres.read.1.tlog
Z:\Desktop\prj\ProjetoFinal\protegedados_exe\x64\Debug\link.3648-cvtres.write.1.tlog
Z:\Desktop\prj\ProjetoFinal\protegedados_exe\x64\Debug\link.3984.read.1.tlog
Z:\Desktop\prj\ProjetoFinal\protegedados_exe\x64\Debug\link.3984.write.1.tlog
Z:\Desktop\prj\ProjetoFinal\protegedados_exe\x64\Debug\link.3984-cvtres.read.1.tlog
Z:\Desktop\prj\ProjetoFinal\protegedados_exe\x64\Debug\link.3984-cvtres.write.1.tlog
Z:\Desktop\prj\ProjetoFinal\protegedados_exe\x64\Debug\link.4044.read.1.tlog
Z:\Desktop\prj\ProjetoFinal\protegedados_exe\x64\Debug\link.4044.write.1.tlog
Z:\Desktop\prj\ProjetoFinal\protegedados_exe\x64\Debug\link.4044-cvtres.read.1.tlog
Z:\Desktop\prj\ProjetoFinal\protegedados_exe\x64\Debug\link.4044-cvtres.write.1.tlog
Z:\Desktop\prj\ProjetoFinal\protegedados_exe\x64\Debug\link.676.read.1.tlog
Z:\Desktop\prj\ProjetoFinal\protegedados_exe\x64\Debug\link.676.write.1.tlog
Z:\Desktop\prj\ProjetoFinal\protegedados_exe\x64\Debug\link.676-cvtres.read.1.tlog
Z:\Desktop\prj\ProjetoFinal\protegedados_exe\x64\Debug\link.676-cvtres.write.1.tlog
Z:\Desktop\prj\ProjetoFinal\protegedados_exe\x64\Debug\link.command.1.tlog
Z:\Desktop\prj\ProjetoFinal\protegedados_exe\x64\Debug\link.read.1.tlog
Z:\Desktop\prj\ProjetoFinal\protegedados_exe\x64\Debug\link.write.1.tlog
Z:\Desktop\prj\ProjetoFinal\protegedados_exe\x64\Debug\link-cvtres.read.1.tlog
Z:\Desktop\prj\ProjetoFinal\protegedados_exe\x64\Debug\link-cvtres.write.1.tlog
Z:\Desktop\prj\ProjetoFinal\protegedados_exe\x64\Debug\mt.command.1.tlog
Z:\Desktop\prj\ProjetoFinal\protegedados_exe\x64\Debug\mt.read.1.tlog
Z:\Desktop\prj\ProjetoFinal\protegedados_exe\x64\Debug\mt.write.1.tlog
Z:\DESKTOP\PRJ\PROJETOFINAL\PROTEGEDADOS_EXE\X64\DEBUG\PROTEGEDADOS_EXE.EXE.EMBED.MANIFEST
Z:\DESKTOP\PRJ\PROJETOFINAL\PROTEGEDADOS_EXE\X64\DEBUG\PROTEGEDADOS_EXE.EXE.EMBED.MANIFEST.RES
Z:\DESKTOP\PRJ\PROJETOFINAL\PROTEGEDADOS_EXE\X64\DEBUG\PROTEGEDADOS_EXE.EXE.INTERMEDIATE.MANIFEST
Z:\DESKTOP\PRJ\PROJETOFINAL\PROTEGEDADOS_EXE\X64\DEBUG\PROTEGEDADOS_EXE.OBJ
Z:\Desktop\prj\ProjetoFinal\protegedados_exe\x64\Debug\protegedados_exe_manifest.rc
Z:\Desktop\prj\ProjetoFinal\protegedados_exe\x64\Debug\rc.command.1.tlog
Z:\Desktop\prj\ProjetoFinal\protegedados_exe\x64\Debug\rc.read.1.tlog
Z:\Desktop\prj\ProjetoFinal\protegedados_exe\x64\Debug\rc.write.1.tlog
Z:\Desktop\prj\ProjetoFinal\protegedados_exe\x64\Debug\vc100.idb
Z:\DESKTOP\PRJ\PROJETOFINAL\PROTEGEDADOS_EXE\X64\DEBUG\VC100.PDB
Z:\DESKTOP\PRJ\PROJETOFINAL\X64\DEBUG\PROTEGEDADOS_EXE.EXE
Z:\DESKTOP\PRJ\PROJETOFINAL\X64\DEBUG\PROTEGEDADOS_EXE.ILK
Z:\DESKTOP\PRJ\PROJETOFINAL\X64\DEBUG\PROTEGEDADOS_EXE.PDB
