BUILD: Computing Include file dependencies:
ERROR - "z:\desktop\prj\projetofinal\protegedados_userspace" file time is slightly in the future (0x1ce5694bf013900 (5/22/2013 2:33:30) vs. 0x1ce5694bef2eae4 (5/22/2013 2:33:29)).

BUILD: Examining z:\desktop\prj\projetofinal\protegedados_userspace directory for files to compile.
oacr invalidate root:amd64fre /autocleanqueue
1>Compiling z:\desktop\prj\projetofinal\protegedados_userspace *************
1>'nmake.exe /nologo BUILDMSG=Stop. -i /nologo /f c:\winddk\7600.16385.1\bin\makefile.def BUILD_PASS=PASS1 NOLINK=1 NOPASS0=1 MAKEDIR_RELATIVE_TO_BASEDIR='
1>z:\desktop\prj\projetofinal\protegedados_userspace: TARGETPATH is ..
1> C:\WinDDK\7600.16385.1\Bin\x86\oacr\oacrcl @z:\desktop\prj\projetofinal\protegedados_userspace\objfre_win7_amd64\amd64\cl.rsp
1>Microsoft (R) C/C++ Optimizing Compiler Version 15.00.30729.207 for x64
1>Copyright (C) Microsoft Corporation.  All rights reserved.
1>cl /Fo"z:\desktop\prj\projetofinal\protegedados_userspace\objfre_win7_amd64\amd64/"
1> /FC
1> /MT
1> /U_MT
1> /Iamd64\
1> /I.
1> /IC:\WinDDK\7600.16385.1\inc\ddk
1> /IC:\WinDDK\7600.16385.1\inc\ddk
1> /I..\include
1> /Iz:\desktop\prj\projetofinal\protegedados_userspace\objfre_win7_amd64\amd64
1> /IC:\WinDDK\7600.16385.1\inc\api
1> /IC:\WinDDK\7600.16385.1\inc\api
1> /IC:\WinDDK\7600.16385.1\inc\crt
1> /D_WIN64
1> /D_AMD64_
1> /DAMD64
1> /DCONDITION_HANDLING=1
1> /DNT_UP=1
1> /DNT_INST=0
1> /DWIN32=100
1> /D_NT1X_=100
1> /DWINNT=1
1> /D_WIN32_WINNT=0x0601
1> /DWINVER=0x0601
1> /D_WIN32_IE=0x0800
1> /DWIN32_LEAN_AND_MEAN=1
1> /DDEVL=1
1> /D__BUILDMACHINE__=WinDDK
1> /DNDEBUG
1> -DUNICODE
1> -D_UNICODE
1> /DNTDDI_VERSION=0x06010000
1> /c
1> /Zc:wchar_t-
1> /Zl
1> /Zp8
1> /Gy
1> /W3
1> /WX
1> /EHs-c-
1> /GR-
1> /GF
1> /GS
1> /Z7
1> /Oxs
1> /GL
1> /Z7
1> /GL-
1>cl : Command line warning D9025 : overriding '/GL' with '/GL-'
1>warnings in directory z:\desktop\prj\projetofinal\protegedados_userspace
1>z:\desktop\prj\projetofinal\protegedados_userspace\cl : warning D9025 : overriding '/GL' with '/GL-'
1> /DKMDF_MAJOR_VERSION_STRING=01
1> /DKMDF_MINOR_VERSION_STRING=009
1> /typedil-
1> /wd4603
1> /wd4627
1> /FIC:\WinDDK\7600.16385.1\inc\api\warning.h
1> .\protegedados_userspace.c 
1>protegedados_userspace.c
1>z:\desktop\prj\projetofinal\protegedados_userspace\protegedados_userspace.c(36) : fatal error C1083: Cannot open include file: 'filehash_library.h': No such file or directory
1>errors in directory z:\desktop\prj\projetofinal\protegedados_userspace
1>z:\desktop\prj\projetofinal\protegedados_userspace\protegedados_userspace.c(36) : error C1083: Cannot open include file: 'filehash_library.h': No such file or directory
1> C:\WinDDK\7600.16385.1\Bin\x86\oacr\oacrlink /lib /out:..\amd64\protegedados_userspace.lib /IGNORE:4198,4010,4037,4039,4065,4070,4078,4087,4089,4221,4108,4088,4218,4218,4235  /WX /nodefaultlib /machine:amd64 /ltcg @z:\desktop\prj\projetofinal\protegedados_userspace\objfre_win7_amd64\amd64\lib.rsp
1>Microsoft (R) Library Manager Version 9.00.30729.207
1>Copyright (C) Microsoft Corporation.  All rights reserved.
1>z:\desktop\prj\projetofinal\protegedados_userspace\objfre_win7_amd64\amd64\protegedados_userspace.obj 
1>z:\desktop\prj\projetofinal\protegedados_userspace\objfre_win7_amd64\amd64\service_install.obj 
1>LINK : fatal error LNK1181: cannot open input file 'z:\desktop\prj\projetofinal\protegedados_userspace\objfre_win7_amd64\amd64\protegedados_userspace.obj'
1>link : error LNK1181: cannot open input file 'z:\desktop\prj\projetofinal\protegedados_userspace\objfre_win7_amd64\amd64\protegedados_userspace.obj'
