Build started 6/11/2013 2:28:55 PM.
     1>Project "Z:\Desktop\prj\ProjetoFinal\protegedados_userspace\protegedados_userspace.vcxproj" on node 3 (build target(s)).
     1>Build:
         call C:\WinDDK\7600.16385.1\bin\setenv.bat C:\WinDDK\7600.16385.1 chk x64 win7
         cd /d Z:\Desktop\prj\ProjetoFinal\protegedados_userspace\
         build
         OACR monitor running already
         path contains nonexistant c:\program files (x86)\microsoft visual studio 10.0\common7\tools\bin, removing
         path contains nonexistant c:\program files (x86)\microsoft sdks\windows\v7.0a\\lib\win64, removing
         BUILD: Compile and Link for AMD64
         
         BUILD: Loading c:\winddk\7600.16385.1\build.dat...
         
         BUILD: Computing Include file dependencies:
         
         BUILD: Start time: Tue Jun 11 14:28:56 2013
         BUILD: Examining z:\desktop\prj\projetofinal\protegedados_userspace directory for files to compile.
         
             z:\desktop\prj\projetofinal\protegedados_userspace 
         
         Invalidating OACR warning log for 'root:amd64chk'
         BUILD: Saving c:\winddk\7600.16385.1\build.dat...
         
         BUILD: Finish time: Tue Jun 11 14:28:57 2013
         BUILD: Done
         
         
         
             0 files compiled - 4 Warnings
         
     1>Done Building Project "Z:\Desktop\prj\ProjetoFinal\protegedados_userspace\protegedados_userspace.vcxproj" (build target(s)).

Build succeeded.

Time Elapsed 00:00:01.35
