Z:\DESKTOP\PRJ\SOURCE\JAVA\SVN\INFRA360\AGENTE\TRUNK\IS360_FILTER\DEBUG\IS360FILTER_EXE.EXE
Z:\DESKTOP\PRJ\SOURCE\JAVA\SVN\INFRA360\AGENTE\TRUNK\IS360_FILTER\DEBUG\IS360FILTER_EXE.ILK
Z:\DESKTOP\PRJ\SOURCE\JAVA\SVN\INFRA360\AGENTE\TRUNK\IS360_FILTER\DEBUG\IS360FILTER_EXE.PDB
Z:\Desktop\prj\source\java\svn\infra360\agente\trunk\IS360_filter\is360filter_exe\Debug\cl.command.1.tlog
Z:\Desktop\prj\source\java\svn\infra360\agente\trunk\IS360_filter\is360filter_exe\Debug\cl.read.1.tlog
Z:\Desktop\prj\source\java\svn\infra360\agente\trunk\IS360_filter\is360filter_exe\Debug\cl.write.1.tlog
Z:\Desktop\prj\source\java\svn\infra360\agente\trunk\IS360_filter\is360filter_exe\Debug\is360filter_exe.exe.embed.manifest
Z:\DESKTOP\PRJ\SOURCE\JAVA\SVN\INFRA360\AGENTE\TRUNK\IS360_FILTER\IS360FILTER_EXE\DEBUG\IS360FILTER_EXE.EXE.EMBED.MANIFEST.RES
Z:\Desktop\prj\source\java\svn\infra360\agente\trunk\IS360_filter\is360filter_exe\Debug\is360filter_exe.exe.intermediate.manifest
Z:\DESKTOP\PRJ\SOURCE\JAVA\SVN\INFRA360\AGENTE\TRUNK\IS360_FILTER\IS360FILTER_EXE\DEBUG\IS360FILTER_EXE.OBJ
Z:\Desktop\prj\source\java\svn\infra360\agente\trunk\IS360_filter\is360filter_exe\Debug\is360filter_exe_manifest.rc
Z:\Desktop\prj\source\java\svn\infra360\agente\trunk\IS360_filter\is360filter_exe\Debug\link.1236.read.1.tlog
Z:\Desktop\prj\source\java\svn\infra360\agente\trunk\IS360_filter\is360filter_exe\Debug\link.1236.write.1.tlog
Z:\Desktop\prj\source\java\svn\infra360\agente\trunk\IS360_filter\is360filter_exe\Debug\link.1236-cvtres.read.1.tlog
Z:\Desktop\prj\source\java\svn\infra360\agente\trunk\IS360_filter\is360filter_exe\Debug\link.1236-cvtres.write.1.tlog
Z:\Desktop\prj\source\java\svn\infra360\agente\trunk\IS360_filter\is360filter_exe\Debug\link.1452.read.1.tlog
Z:\Desktop\prj\source\java\svn\infra360\agente\trunk\IS360_filter\is360filter_exe\Debug\link.1452.write.1.tlog
Z:\Desktop\prj\source\java\svn\infra360\agente\trunk\IS360_filter\is360filter_exe\Debug\link.1452-cvtres.read.1.tlog
Z:\Desktop\prj\source\java\svn\infra360\agente\trunk\IS360_filter\is360filter_exe\Debug\link.1452-cvtres.write.1.tlog
Z:\Desktop\prj\source\java\svn\infra360\agente\trunk\IS360_filter\is360filter_exe\Debug\link.2188.read.1.tlog
Z:\Desktop\prj\source\java\svn\infra360\agente\trunk\IS360_filter\is360filter_exe\Debug\link.2188.write.1.tlog
Z:\Desktop\prj\source\java\svn\infra360\agente\trunk\IS360_filter\is360filter_exe\Debug\link.2188-cvtres.read.1.tlog
Z:\Desktop\prj\source\java\svn\infra360\agente\trunk\IS360_filter\is360filter_exe\Debug\link.2188-cvtres.write.1.tlog
Z:\Desktop\prj\source\java\svn\infra360\agente\trunk\IS360_filter\is360filter_exe\Debug\link.2452.read.1.tlog
Z:\Desktop\prj\source\java\svn\infra360\agente\trunk\IS360_filter\is360filter_exe\Debug\link.2452.write.1.tlog
Z:\Desktop\prj\source\java\svn\infra360\agente\trunk\IS360_filter\is360filter_exe\Debug\link.2452-cvtres.read.1.tlog
Z:\Desktop\prj\source\java\svn\infra360\agente\trunk\IS360_filter\is360filter_exe\Debug\link.2452-cvtres.write.1.tlog
Z:\Desktop\prj\source\java\svn\infra360\agente\trunk\IS360_filter\is360filter_exe\Debug\link.2744.read.1.tlog
Z:\Desktop\prj\source\java\svn\infra360\agente\trunk\IS360_filter\is360filter_exe\Debug\link.2744.write.1.tlog
Z:\Desktop\prj\source\java\svn\infra360\agente\trunk\IS360_filter\is360filter_exe\Debug\link.2744-cvtres.read.1.tlog
Z:\Desktop\prj\source\java\svn\infra360\agente\trunk\IS360_filter\is360filter_exe\Debug\link.2744-cvtres.write.1.tlog
Z:\Desktop\prj\source\java\svn\infra360\agente\trunk\IS360_filter\is360filter_exe\Debug\link.2900.read.1.tlog
Z:\Desktop\prj\source\java\svn\infra360\agente\trunk\IS360_filter\is360filter_exe\Debug\link.2900.write.1.tlog
Z:\Desktop\prj\source\java\svn\infra360\agente\trunk\IS360_filter\is360filter_exe\Debug\link.2900-cvtres.read.1.tlog
Z:\Desktop\prj\source\java\svn\infra360\agente\trunk\IS360_filter\is360filter_exe\Debug\link.2900-cvtres.write.1.tlog
Z:\Desktop\prj\source\java\svn\infra360\agente\trunk\IS360_filter\is360filter_exe\Debug\link.2912.read.1.tlog
Z:\Desktop\prj\source\java\svn\infra360\agente\trunk\IS360_filter\is360filter_exe\Debug\link.2912.write.1.tlog
Z:\Desktop\prj\source\java\svn\infra360\agente\trunk\IS360_filter\is360filter_exe\Debug\link.2912-cvtres.read.1.tlog
Z:\Desktop\prj\source\java\svn\infra360\agente\trunk\IS360_filter\is360filter_exe\Debug\link.2912-cvtres.write.1.tlog
Z:\Desktop\prj\source\java\svn\infra360\agente\trunk\IS360_filter\is360filter_exe\Debug\link.3076.read.1.tlog
Z:\Desktop\prj\source\java\svn\infra360\agente\trunk\IS360_filter\is360filter_exe\Debug\link.3076.write.1.tlog
Z:\Desktop\prj\source\java\svn\infra360\agente\trunk\IS360_filter\is360filter_exe\Debug\link.3076-cvtres.read.1.tlog
Z:\Desktop\prj\source\java\svn\infra360\agente\trunk\IS360_filter\is360filter_exe\Debug\link.3076-cvtres.write.1.tlog
Z:\Desktop\prj\source\java\svn\infra360\agente\trunk\IS360_filter\is360filter_exe\Debug\link.3372.read.1.tlog
Z:\Desktop\prj\source\java\svn\infra360\agente\trunk\IS360_filter\is360filter_exe\Debug\link.3372.write.1.tlog
Z:\Desktop\prj\source\java\svn\infra360\agente\trunk\IS360_filter\is360filter_exe\Debug\link.3372-cvtres.read.1.tlog
Z:\Desktop\prj\source\java\svn\infra360\agente\trunk\IS360_filter\is360filter_exe\Debug\link.3372-cvtres.write.1.tlog
Z:\Desktop\prj\source\java\svn\infra360\agente\trunk\IS360_filter\is360filter_exe\Debug\link.3384.read.1.tlog
Z:\Desktop\prj\source\java\svn\infra360\agente\trunk\IS360_filter\is360filter_exe\Debug\link.3384.write.1.tlog
Z:\Desktop\prj\source\java\svn\infra360\agente\trunk\IS360_filter\is360filter_exe\Debug\link.3384-cvtres.read.1.tlog
Z:\Desktop\prj\source\java\svn\infra360\agente\trunk\IS360_filter\is360filter_exe\Debug\link.3384-cvtres.write.1.tlog
Z:\Desktop\prj\source\java\svn\infra360\agente\trunk\IS360_filter\is360filter_exe\Debug\link.3624.read.1.tlog
Z:\Desktop\prj\source\java\svn\infra360\agente\trunk\IS360_filter\is360filter_exe\Debug\link.3624.write.1.tlog
Z:\Desktop\prj\source\java\svn\infra360\agente\trunk\IS360_filter\is360filter_exe\Debug\link.3624-cvtres.read.1.tlog
Z:\Desktop\prj\source\java\svn\infra360\agente\trunk\IS360_filter\is360filter_exe\Debug\link.3624-cvtres.write.1.tlog
Z:\Desktop\prj\source\java\svn\infra360\agente\trunk\IS360_filter\is360filter_exe\Debug\link.3628.read.1.tlog
Z:\Desktop\prj\source\java\svn\infra360\agente\trunk\IS360_filter\is360filter_exe\Debug\link.3628.write.1.tlog
Z:\Desktop\prj\source\java\svn\infra360\agente\trunk\IS360_filter\is360filter_exe\Debug\link.3628-cvtres.read.1.tlog
Z:\Desktop\prj\source\java\svn\infra360\agente\trunk\IS360_filter\is360filter_exe\Debug\link.3628-cvtres.write.1.tlog
Z:\Desktop\prj\source\java\svn\infra360\agente\trunk\IS360_filter\is360filter_exe\Debug\link.3812.read.1.tlog
Z:\Desktop\prj\source\java\svn\infra360\agente\trunk\IS360_filter\is360filter_exe\Debug\link.3812.write.1.tlog
Z:\Desktop\prj\source\java\svn\infra360\agente\trunk\IS360_filter\is360filter_exe\Debug\link.3812-cvtres.read.1.tlog
Z:\Desktop\prj\source\java\svn\infra360\agente\trunk\IS360_filter\is360filter_exe\Debug\link.3812-cvtres.write.1.tlog
Z:\Desktop\prj\source\java\svn\infra360\agente\trunk\IS360_filter\is360filter_exe\Debug\link.4052.read.1.tlog
Z:\Desktop\prj\source\java\svn\infra360\agente\trunk\IS360_filter\is360filter_exe\Debug\link.4052.write.1.tlog
Z:\Desktop\prj\source\java\svn\infra360\agente\trunk\IS360_filter\is360filter_exe\Debug\link.4052-cvtres.read.1.tlog
Z:\Desktop\prj\source\java\svn\infra360\agente\trunk\IS360_filter\is360filter_exe\Debug\link.4052-cvtres.write.1.tlog
Z:\Desktop\prj\source\java\svn\infra360\agente\trunk\IS360_filter\is360filter_exe\Debug\link.4348.read.1.tlog
Z:\Desktop\prj\source\java\svn\infra360\agente\trunk\IS360_filter\is360filter_exe\Debug\link.4348.write.1.tlog
Z:\Desktop\prj\source\java\svn\infra360\agente\trunk\IS360_filter\is360filter_exe\Debug\link.4348-cvtres.read.1.tlog
Z:\Desktop\prj\source\java\svn\infra360\agente\trunk\IS360_filter\is360filter_exe\Debug\link.4348-cvtres.write.1.tlog
Z:\Desktop\prj\source\java\svn\infra360\agente\trunk\IS360_filter\is360filter_exe\Debug\link.4404.read.1.tlog
Z:\Desktop\prj\source\java\svn\infra360\agente\trunk\IS360_filter\is360filter_exe\Debug\link.4404.write.1.tlog
Z:\Desktop\prj\source\java\svn\infra360\agente\trunk\IS360_filter\is360filter_exe\Debug\link.4404-cvtres.read.1.tlog
Z:\Desktop\prj\source\java\svn\infra360\agente\trunk\IS360_filter\is360filter_exe\Debug\link.4404-cvtres.write.1.tlog
Z:\Desktop\prj\source\java\svn\infra360\agente\trunk\IS360_filter\is360filter_exe\Debug\link.4448.read.1.tlog
Z:\Desktop\prj\source\java\svn\infra360\agente\trunk\IS360_filter\is360filter_exe\Debug\link.4448.write.1.tlog
Z:\Desktop\prj\source\java\svn\infra360\agente\trunk\IS360_filter\is360filter_exe\Debug\link.4448-cvtres.read.1.tlog
Z:\Desktop\prj\source\java\svn\infra360\agente\trunk\IS360_filter\is360filter_exe\Debug\link.4448-cvtres.write.1.tlog
Z:\Desktop\prj\source\java\svn\infra360\agente\trunk\IS360_filter\is360filter_exe\Debug\link.4732.read.1.tlog
Z:\Desktop\prj\source\java\svn\infra360\agente\trunk\IS360_filter\is360filter_exe\Debug\link.4732.write.1.tlog
Z:\Desktop\prj\source\java\svn\infra360\agente\trunk\IS360_filter\is360filter_exe\Debug\link.4732-cvtres.read.1.tlog
Z:\Desktop\prj\source\java\svn\infra360\agente\trunk\IS360_filter\is360filter_exe\Debug\link.4732-cvtres.write.1.tlog
Z:\Desktop\prj\source\java\svn\infra360\agente\trunk\IS360_filter\is360filter_exe\Debug\link.4792.read.1.tlog
Z:\Desktop\prj\source\java\svn\infra360\agente\trunk\IS360_filter\is360filter_exe\Debug\link.4792.write.1.tlog
Z:\Desktop\prj\source\java\svn\infra360\agente\trunk\IS360_filter\is360filter_exe\Debug\link.4792-cvtres.read.1.tlog
Z:\Desktop\prj\source\java\svn\infra360\agente\trunk\IS360_filter\is360filter_exe\Debug\link.4792-cvtres.write.1.tlog
Z:\Desktop\prj\source\java\svn\infra360\agente\trunk\IS360_filter\is360filter_exe\Debug\link.4888.read.1.tlog
Z:\Desktop\prj\source\java\svn\infra360\agente\trunk\IS360_filter\is360filter_exe\Debug\link.4888.write.1.tlog
Z:\Desktop\prj\source\java\svn\infra360\agente\trunk\IS360_filter\is360filter_exe\Debug\link.4888-cvtres.read.1.tlog
Z:\Desktop\prj\source\java\svn\infra360\agente\trunk\IS360_filter\is360filter_exe\Debug\link.4888-cvtres.write.1.tlog
Z:\Desktop\prj\source\java\svn\infra360\agente\trunk\IS360_filter\is360filter_exe\Debug\link.4964.read.1.tlog
Z:\Desktop\prj\source\java\svn\infra360\agente\trunk\IS360_filter\is360filter_exe\Debug\link.4964.write.1.tlog
Z:\Desktop\prj\source\java\svn\infra360\agente\trunk\IS360_filter\is360filter_exe\Debug\link.4964-cvtres.read.1.tlog
Z:\Desktop\prj\source\java\svn\infra360\agente\trunk\IS360_filter\is360filter_exe\Debug\link.4964-cvtres.write.1.tlog
Z:\Desktop\prj\source\java\svn\infra360\agente\trunk\IS360_filter\is360filter_exe\Debug\link.4996.read.1.tlog
Z:\Desktop\prj\source\java\svn\infra360\agente\trunk\IS360_filter\is360filter_exe\Debug\link.4996.write.1.tlog
Z:\Desktop\prj\source\java\svn\infra360\agente\trunk\IS360_filter\is360filter_exe\Debug\link.4996-cvtres.read.1.tlog
Z:\Desktop\prj\source\java\svn\infra360\agente\trunk\IS360_filter\is360filter_exe\Debug\link.4996-cvtres.write.1.tlog
Z:\Desktop\prj\source\java\svn\infra360\agente\trunk\IS360_filter\is360filter_exe\Debug\link.5036.read.1.tlog
Z:\Desktop\prj\source\java\svn\infra360\agente\trunk\IS360_filter\is360filter_exe\Debug\link.5036.write.1.tlog
Z:\Desktop\prj\source\java\svn\infra360\agente\trunk\IS360_filter\is360filter_exe\Debug\link.5036-cvtres.read.1.tlog
Z:\Desktop\prj\source\java\svn\infra360\agente\trunk\IS360_filter\is360filter_exe\Debug\link.5036-cvtres.write.1.tlog
Z:\Desktop\prj\source\java\svn\infra360\agente\trunk\IS360_filter\is360filter_exe\Debug\link.5088.read.1.tlog
Z:\Desktop\prj\source\java\svn\infra360\agente\trunk\IS360_filter\is360filter_exe\Debug\link.5088.write.1.tlog
Z:\Desktop\prj\source\java\svn\infra360\agente\trunk\IS360_filter\is360filter_exe\Debug\link.5088-cvtres.read.1.tlog
Z:\Desktop\prj\source\java\svn\infra360\agente\trunk\IS360_filter\is360filter_exe\Debug\link.5088-cvtres.write.1.tlog
Z:\Desktop\prj\source\java\svn\infra360\agente\trunk\IS360_filter\is360filter_exe\Debug\link.command.1.tlog
Z:\Desktop\prj\source\java\svn\infra360\agente\trunk\IS360_filter\is360filter_exe\Debug\link.read.1.tlog
Z:\Desktop\prj\source\java\svn\infra360\agente\trunk\IS360_filter\is360filter_exe\Debug\link.write.1.tlog
Z:\Desktop\prj\source\java\svn\infra360\agente\trunk\IS360_filter\is360filter_exe\Debug\link-cvtres.read.1.tlog
Z:\Desktop\prj\source\java\svn\infra360\agente\trunk\IS360_filter\is360filter_exe\Debug\link-cvtres.write.1.tlog
Z:\Desktop\prj\source\java\svn\infra360\agente\trunk\IS360_filter\is360filter_exe\Debug\mt.command.1.tlog
Z:\Desktop\prj\source\java\svn\infra360\agente\trunk\IS360_filter\is360filter_exe\Debug\mt.read.1.tlog
Z:\Desktop\prj\source\java\svn\infra360\agente\trunk\IS360_filter\is360filter_exe\Debug\mt.write.1.tlog
Z:\Desktop\prj\source\java\svn\infra360\agente\trunk\IS360_filter\is360filter_exe\Debug\rc.command.1.tlog
Z:\Desktop\prj\source\java\svn\infra360\agente\trunk\IS360_filter\is360filter_exe\Debug\rc.read.1.tlog
Z:\Desktop\prj\source\java\svn\infra360\agente\trunk\IS360_filter\is360filter_exe\Debug\rc.write.1.tlog
Z:\Desktop\prj\source\java\svn\infra360\agente\trunk\IS360_filter\is360filter_exe\Debug\vc100.idb
Z:\DESKTOP\PRJ\SOURCE\JAVA\SVN\INFRA360\AGENTE\TRUNK\IS360_FILTER\IS360FILTER_EXE\DEBUG\VC100.PDB
